Lima, Davi
Santos, Harry
Araujo, Charlie
Oliveira, Matheus
Costa, Pedro
Morais, Davi
Gomes, Miguel
Carvalho, Bernardo
Melo, Jack
Santos, William
Martins, Jacob
Martins, George
Pereira, Jacob
Correia, Thomas
Gomes, William
Lima, Noah
Montes, Miguel
Rocha, Matheus
Ribeiro, Oliver
Costa, Rafael
Costa, Gabriel
Ferreira, Pedro
Morais, Pedro
Correia, Jack
Teixeira, Miguel
Ferreira, Heitor
Silva, Pedro
Barbosa, Rafael
Ferreira, Lucas
Martins, George
Rocha, Jack
Rodrigues, Arthur
Correia, Jack
Gomes, Jack
Silva, Gabriel
Sousa, Pedro
Rodrigues, Lucas
Schmitz, Davi
Cardoso, Charlie
Azevedo, Jacob
Rodrigues, Noah
Barbosa, Gabriel
Rocha, Oliver
Araujo, George
Azevedo, Lucas
Pereira, Lucas
Cavalcante, Noah
Correia, Jack
Melo, Gabriel
Cardoso, Pedro
Schmitz, Rafael
Santos, Davi
Gomes, Arthur
Sousa, Thomas
Rocha, Jack
Fernandes, Thomas
Ribeiro, Gabriel
Martins, Arthur
Lima, George
Santos, George
Gomes, Gabriel
Alves, Arthur
Dias, Harry
Gomes, Miguel
Correia, Jack
Barbosa, Oliver
Schmitz, Pedro
Teixeira, Jacob
Barbosa, William
Santos, Oliver
Oliveira, William
Silva, Lucas
Schmitz, Noah
Lima, Jack
Oliveira, William
Teixeira, Oliver
Sousa, George
Barbosa, Oliver
Montes, Davi
Correia, Lucas
Barbosa, Thomas
Santos, Arthur
Alves, Gabriel
Morais, Matheus
Fernandes, Davi
Ribeiro, Jacob
Oliveira, Arthur
Gomes, Gabriel
Pereira, Heitor
Pereira, Davi
Martins, George
Costa, Noah
Pereira, Charlie
Dias, Miguel
Teixeira, Oliver
Teixeira, Lucas
Araujo, Rafael
Azevedo, Oliver
Gomes, Noah
Costa, Miguel
