Azevedo, Matheus
Costa, Harry
Costa, Arthur
Alves, Gabriel
Rocha, Heitor
Dias, Charlie
Araujo, Lucas
Dias, Bernardo
Correia, Gabriel
Barbosa, Harry
Ferreira, Charlie
Silva, George
Azevedo, Heitor
Teixeira, Jacob
Barbosa, Oliver
Cardoso, Oliver
Sousa, Oliver
Correia, Arthur
Teixeira, Gabriel
Carvalho, Bernardo
Azevedo, Jacob
Melo, George
Teixeira, Oliver
Rocha, Arthur
Ferreira, Matheus
Schmitz, Bernardo
Carvalho, Rafael
Rodrigues, Bernardo
Montes, Miguel
Dias, Miguel
Cardoso, Noah
Costa, Gabriel
Rodrigues, Thomas
Lima, Jacob
Ferreira, Rafael
Pereira, William
Dias, Oliver
Fernandes, Charlie
Pereira, Miguel
Schmitz, Pedro
Oliveira, Charlie
Barbosa, Heitor
Sousa, Miguel
Teixeira, Matheus
Lima, Jack
Gomes, Matheus
Gomes, Jacob
Santos, Arthur
Schmitz, Oliver
Cardoso, Heitor
Silva, Oliver
Carvalho, William
Barbosa, George
Almeida, George
Teixeira, George
Silva, Heitor
Pereira, Matheus
Teixeira, Pedro
Gomes, Lucas
Montes, Bernardo
Cavalcante, Charlie
Sousa, Heitor
Morais, Rafael
Silva, Bernardo
Gomes, Pedro
Cavalcante, Harry
Teixeira, Davi
Alves, Heitor
Cavalcante, Rafael
Pereira, George
Martins, Bernardo
Araujo, Arthur
Alves, Lucas
Alves, Thomas
Cardoso, Lucas
Ribeiro, Oliver
Ferreira, Noah
Ribeiro, George
Alves, Miguel
Silva, Jack
Cardoso, Jacob
Melo, Lucas
Santos, Thomas
