Silva, Charlie
Martins, William
Almeida, Oliver
Barbosa, Bernardo
Schmitz, Davi
Correia, William
Silva, Rafael
Santos, William
Morais, Lucas
Oliveira, Miguel
Oliveira, Charlie
Melo, Thomas
Ribeiro, Heitor
Lima, Arthur
Ferreira, Charlie
Oliveira, Gabriel
Silva, William
Santos, William
Rocha, Davi
Rocha, Pedro
Morais, Oliver
Morais, Pedro
Cavalcante, Noah
Fernandes, Charlie
Schmitz, Bernardo
Costa, Oliver
Carvalho, Thomas
Ribeiro, Noah
Gomes, Davi
Melo, Thomas
Oliveira, Charlie
Oliveira, Pedro
Barbosa, Harry
Teixeira, Jacob
Carvalho, Heitor
Gomes, Gabriel
Teixeira, Thomas
Alves, Jack
Almeida, George
Montes, Jacob
Schmitz, Lucas
Carvalho, Arthur
Martins, Noah
Ribeiro, Matheus
Santos, George
Silva, Heitor
Teixeira, Lucas
Barbosa, Matheus
Correia, Noah
Schmitz, Thomas
Pereira, Oliver
Carvalho, George
Alves, Thomas
Lima, Noah
Rodrigues, Miguel
Santos, Gabriel
Fernandes, Noah
Oliveira, Jack
Cavalcante, George
Schmitz, Rafael
Alves, Oliver
Fernandes, Gabriel
Cardoso, Rafael
Pereira, Arthur
Rocha, Harry
Teixeira, Davi
Carvalho, Rafael
Rodrigues, Heitor
Costa, George
Fernandes, Miguel
Correia, Jacob
Cardoso, George
Rodrigues, Thomas
Gomes, Oliver
Azevedo, Harry
Correia, Lucas
Gomes, Jacob
Rodrigues, Bernardo
Montes, Charlie
