Almeida, Charlie
Cardoso, Miguel
Carvalho, Jack
Montes, Charlie
Martins, Bernardo
Teixeira, Thomas
Gomes, Miguel
Almeida, Oliver
Morais, Davi
Correia, Charlie
Morais, Oliver
Morais, Gabriel
Lima, Oliver
Costa, Thomas
Fernandes, Oliver
Dias, Gabriel
Morais, Jack
Barbosa, Lucas
Sousa, Matheus
Araujo, George
Alves, Davi
Carvalho, Miguel
Montes, Jacob
Gomes, Harry
Araujo, Heitor
Alves, Bernardo
Azevedo, Heitor
Schmitz, Matheus
Sousa, Charlie
Pereira, Jacob
Rocha, Jack
Araujo, Harry
Dias, Bernardo
Fernandes, Matheus
Dias, Harry
Rodrigues, Jack
Lima, Heitor
Ferreira, Davi
Silva, Thomas
Ferreira, Charlie
Ferreira, Miguel
Ferreira, William
Morais, Miguel
Alves, Noah
Ferreira, Heitor
Cardoso, Gabriel
Almeida, Arthur
Silva, Noah
Costa, Noah
Montes, William
Dias, Arthur
Pereira, Bernardo
Silva, Miguel
Schmitz, Harry
