Correia, Jack
Fernandes, Charlie
Pereira, Jack
Rocha, Matheus
Gomes, Heitor
Costa, Oliver
Teixeira, George
Montes, Arthur
Sousa, Arthur
Melo, Oliver
Oliveira, Gabriel
Costa, Harry
Costa, Lucas
Sousa, Davi
Carvalho, Lucas
Schmitz, Pedro
Santos, William
Lima, Thomas
Pereira, Bernardo
Morais, Matheus
Rodrigues, Pedro
Martins, Davi
Rodrigues, Jack
Oliveira, Jacob
Ribeiro, William
Costa, Arthur
Lima, William
Fernandes, Bernardo
Schmitz, Jacob
Oliveira, Pedro
Cavalcante, Arthur
Ferreira, Gabriel
Cavalcante, Noah
Araujo, Pedro
Ribeiro, Gabriel
Melo, Pedro
Azevedo, Miguel
Azevedo, Gabriel
Rocha, Bernardo
Schmitz, William
Silva, Jacob
Rodrigues, Miguel
Santos, Thomas
Alves, Miguel
Correia, Lucas
Cardoso, Matheus
Lima, Jacob
Pereira, Jacob
Morais, Harry
Carvalho, Noah
Morais, Jacob
Ferreira, Thomas
Ferreira, Lucas
Fernandes, Rafael
Santos, Charlie
Morais, Gabriel
Silva, Davi
Montes, Gabriel
Azevedo, George
Azevedo, Noah
Morais, Noah
Teixeira, William
Ribeiro, Charlie
Dias, Pedro
Dias, Heitor
Araujo, George
Araujo, Jack
Alves, Arthur
Barbosa, Harry
Alves, Gabriel
Almeida, William
Rodrigues, Heitor
Azevedo, Thomas
Araujo, Gabriel
Sousa, Matheus
Sousa, Thomas
Santos, Bernardo
Ribeiro, Oliver
Dias, Jacob
Costa, George
Oliveira, Bernardo
Dias, Gabriel
Costa, Matheus
Pereira, Thomas
Carvalho, Heitor
Rocha, Thomas
Correia, Pedro
