Dias, Jack
Silva, Pedro
Costa, Davi
Pereira, William
Rocha, Oliver
Rodrigues, Thomas
Schmitz, Rafael
Araujo, George
Alves, Bernardo
Martins, Noah
Dias, Noah
Gomes, Jacob
Fernandes, Arthur
Dias, Harry
Gomes, Oliver
Cardoso, Jacob
Cardoso, Rafael
Correia, Davi
Morais, Heitor
Costa, William
Araujo, Bernardo
Carvalho, Jack
Almeida, Heitor
Sousa, Noah
Cardoso, Oliver
Barbosa, Oliver
Rodrigues, Pedro
Carvalho, Heitor
Schmitz, Arthur
Carvalho, Thomas
Cardoso, Bernardo
Sousa, Harry
Teixeira, Charlie
Cavalcante, Rafael
Melo, Davi
Barbosa, Jacob
Montes, Davi
Dias, Matheus
Almeida, Thomas
Gomes, Pedro
Ribeiro, Miguel
Santos, Noah
Martins, Rafael
Melo, Matheus
Morais, Jack
Melo, William
Rodrigues, Oliver
Carvalho, Thomas
Ferreira, Pedro
Montes, Rafael
Alves, Charlie
Martins, Oliver
Ribeiro, George
Schmitz, Heitor
Sousa, Arthur
Teixeira, Jack
Carvalho, Charlie
Gomes, George
Melo, Rafael
Sousa, Miguel
Gomes, Harry
Rodrigues, Pedro
Pereira, Arthur
Ferreira, Miguel
Ribeiro, Thomas
Oliveira, Bernardo
Cardoso, Charlie
Silva, Harry
Araujo, Oliver
Azevedo, Lucas
Teixeira, Oliver
Ferreira, Charlie
Costa, Arthur
Carvalho, William
Carvalho, Bernardo
Araujo, Lucas
Santos, Harry
Santos, Noah
Sousa, Charlie
Schmitz, Lucas
Ferreira, Miguel
Almeida, Rafael
Ferreira, Miguel
Alves, Lucas
Schmitz, Davi
Pereira, Arthur
Silva, Gabriel
Gomes, Heitor
Ferreira, Jacob
