Carvalho, Gabriel
Carvalho, Jacob
Pereira, George
Silva, Lucas
Alves, William
Cavalcante, Lucas
Alves, Matheus
Schmitz, Davi
Sousa, Jacob
Azevedo, Harry
Montes, Noah
Silva, Arthur
Schmitz, Jacob
Carvalho, Jack
Costa, Gabriel
Santos, Jacob
Ribeiro, Pedro
Montes, Jacob
Ferreira, George
Ferreira, Davi
Cardoso, Davi
Costa, Noah
Carvalho, Arthur
Correia, Lucas
Correia, Harry
Lima, Jacob
Morais, Miguel
Costa, Matheus
Alves, Gabriel
Rodrigues, Thomas
Cavalcante, Heitor
Dias, Harry
Martins, William
Rocha, Pedro
Alves, Bernardo
Barbosa, Davi
Fernandes, Arthur
Melo, Oliver
Dias, Oliver
Silva, Oliver
Pereira, Bernardo
Santos, Noah
Pereira, Matheus
Araujo, Jacob
Melo, Heitor
Montes, Oliver
Gomes, Harry
Gomes, Jacob
Araujo, Harry
Morais, Davi
Rodrigues, Harry
Ferreira, Jacob
Correia, Oliver
Cavalcante, Harry
Rodrigues, Noah
Morais, Bernardo
Lima, Noah
Schmitz, Jacob
Cavalcante, Oliver
Ferreira, Pedro
Carvalho, George
Correia, Rafael
Santos, Harry
Rocha, Bernardo
Rodrigues, Thomas
Martins, William
Martins, William
Teixeira, Jacob
Teixeira, Jacob
Cavalcante, Thomas
Cardoso, Bernardo
Pereira, Bernardo
Morais, William
Sousa, Heitor
Teixeira, Jack
Sousa, Jacob
Morais, Arthur
Oliveira, Miguel
Martins, Bernardo
Martins, Pedro
Costa, Noah
